<?xml version="1.0" encoding="UTF-8"?>
<testng-results ignored="0" total="1" passed="1" failed="0" skipped="0">
  <reporter-output>
    <line>
      <![CDATA[password is enterred]]>
    </line>
  </reporter-output>
  <suite started-at="2023-06-09T16:17:42 IST" name="Default suite" finished-at="2023-06-09T16:18:04 IST" duration-ms="21938">
    <groups>
    </groups>
    <test started-at="2023-06-09T16:17:42 IST" name="Default test" finished-at="2023-06-09T16:18:04 IST" duration-ms="21938">
      <class name="com.banking.testcases.TC_Login_001">
        <test-method is-config="true" signature="SetUp()[pri:0, instance:com.banking.testcases.TC_Login_001@70f02c32]" started-at="2023-06-09T16:17:42 IST" name="SetUp" finished-at="2023-06-09T16:17:52 IST" duration-ms="10437" status="PASS">
          <reporter-output>
          </reporter-output>
        </test-method> <!-- SetUp -->
        <test-method signature="logintest()[pri:0, instance:com.banking.testcases.TC_Login_001@70f02c32]" started-at="2023-06-09T16:17:52 IST" name="logintest" finished-at="2023-06-09T16:18:00 IST" duration-ms="8002" status="PASS">
          <reporter-output>
            <line>
              <![CDATA[password is enterred]]>
            </line>
          </reporter-output>
        </test-method> <!-- logintest -->
        <test-method is-config="true" signature="teardown()[pri:0, instance:com.banking.testcases.TC_Login_001@70f02c32]" started-at="2023-06-09T16:18:01 IST" name="teardown" finished-at="2023-06-09T16:18:04 IST" duration-ms="3064" status="PASS">
          <reporter-output>
          </reporter-output>
        </test-method> <!-- teardown -->
      </class> <!-- com.banking.testcases.TC_Login_001 -->
    </test> <!-- Default test -->
  </suite> <!-- Default suite -->
</testng-results>
